<?xml version="1.0" encoding="UTF-8"?>
<testsuite xmlns:xsi="http://www.w3.org/2001/XMLSchema-instance" xsi:noNamespaceSchemaLocation="https://maven.apache.org/surefire/maven-surefire-plugin/xsd/surefire-test-report-3.0.xsd" version="3.0" name="ku.shop.BuyUATTest" time="0.187" tests="4" errors="0" skipped="0" failures="0">
  <properties>
    <property name="java.specification.version" value="23"/>
    <property name="sun.cpu.isalist" value="amd64"/>
    <property name="sun.jnu.encoding" value="Cp1252"/>
    <property name="java.class.path" value="G:\study\work\year3_term2\Devops\cucumber\cucumber-shop\target\test-classes;G:\study\work\year3_term2\Devops\cucumber\cucumber-shop\target\classes;C:\Users\thira\.m2\repository\org\junit\jupiter\junit-jupiter-api\5.11.4\junit-jupiter-api-5.11.4.jar;C:\Users\thira\.m2\repository\org\opentest4j\opentest4j\1.3.0\opentest4j-1.3.0.jar;C:\Users\thira\.m2\repository\org\junit\platform\junit-platform-commons\1.11.4\junit-platform-commons-1.11.4.jar;C:\Users\thira\.m2\repository\org\apiguardian\apiguardian-api\1.1.2\apiguardian-api-1.1.2.jar;C:\Users\thira\.m2\repository\io\cucumber\cucumber-java\7.20.1\cucumber-java-7.20.1.jar;C:\Users\thira\.m2\repository\io\cucumber\cucumber-core\7.20.1\cucumber-core-7.20.1.jar;C:\Users\thira\.m2\repository\io\cucumber\cucumber-gherkin\7.20.1\cucumber-gherkin-7.20.1.jar;C:\Users\thira\.m2\repository\io\cucumber\cucumber-gherkin-messages\7.20.1\cucumber-gherkin-messages-7.20.1.jar;C:\Users\thira\.m2\repository\io\cucumber\gherkin\28.0.0\gherkin-28.0.0.jar;C:\Users\thira\.m2\repository\io\cucumber\messages\24.1.0\messages-24.1.0.jar;C:\Users\thira\.m2\repository\io\cucumber\testng-xml-formatter\0.2.0\testng-xml-formatter-0.2.0.jar;C:\Users\thira\.m2\repository\io\cucumber\query\12.2.0\query-12.2.0.jar;C:\Users\thira\.m2\repository\io\cucumber\tag-expressions\6.1.0\tag-expressions-6.1.0.jar;C:\Users\thira\.m2\repository\io\cucumber\cucumber-expressions\17.1.0\cucumber-expressions-17.1.0.jar;C:\Users\thira\.m2\repository\io\cucumber\datatable\7.20.1\datatable-7.20.1.jar;C:\Users\thira\.m2\repository\io\cucumber\cucumber-plugin\7.20.1\cucumber-plugin-7.20.1.jar;C:\Users\thira\.m2\repository\io\cucumber\docstring\7.20.1\docstring-7.20.1.jar;C:\Users\thira\.m2\repository\io\cucumber\html-formatter\21.7.0\html-formatter-21.7.0.jar;C:\Users\thira\.m2\repository\io\cucumber\junit-xml-formatter\0.5.0\junit-xml-formatter-0.5.0.jar;C:\Users\thira\.m2\repository\io\cucumber\ci-environment\10.0.1\ci-environment-10.0.1.jar;C:\Users\thira\.m2\repository\io\cucumber\cucumber-junit\7.20.1\cucumber-junit-7.20.1.jar;C:\Users\thira\.m2\repository\junit\junit\4.13.2\junit-4.13.2.jar;C:\Users\thira\.m2\repository\org\hamcrest\hamcrest-core\1.3\hamcrest-core-1.3.jar;"/>
    <property name="java.vm.vendor" value="Oracle Corporation"/>
    <property name="sun.arch.data.model" value="64"/>
    <property name="user.variant" value=""/>
    <property name="java.vendor.url" value="https://java.oracle.com/"/>
    <property name="user.timezone" value="Asia/Bangkok"/>
    <property name="os.name" value="Windows 10"/>
    <property name="java.vm.specification.version" value="23"/>
    <property name="sun.java.launcher" value="SUN_STANDARD"/>
    <property name="user.country" value="US"/>
    <property name="sun.boot.library.path" value="C:\Program Files\Java\jdk-23\bin"/>
    <property name="sun.java.command" value="C:\Users\thira\AppData\Local\Temp\surefire8286967178808198164\surefirebooter-20250120220942970_3.jar C:\Users\thira\AppData\Local\Temp\surefire8286967178808198164 2025-01-20T22-09-41_810-jvmRun1 surefire-20250120220942970_1tmp surefire_0-20250120220942970_2tmp"/>
    <property name="jdk.debug" value="release"/>
    <property name="surefire.test.class.path" value="G:\study\work\year3_term2\Devops\cucumber\cucumber-shop\target\test-classes;G:\study\work\year3_term2\Devops\cucumber\cucumber-shop\target\classes;C:\Users\thira\.m2\repository\org\junit\jupiter\junit-jupiter-api\5.11.4\junit-jupiter-api-5.11.4.jar;C:\Users\thira\.m2\repository\org\opentest4j\opentest4j\1.3.0\opentest4j-1.3.0.jar;C:\Users\thira\.m2\repository\org\junit\platform\junit-platform-commons\1.11.4\junit-platform-commons-1.11.4.jar;C:\Users\thira\.m2\repository\org\apiguardian\apiguardian-api\1.1.2\apiguardian-api-1.1.2.jar;C:\Users\thira\.m2\repository\io\cucumber\cucumber-java\7.20.1\cucumber-java-7.20.1.jar;C:\Users\thira\.m2\repository\io\cucumber\cucumber-core\7.20.1\cucumber-core-7.20.1.jar;C:\Users\thira\.m2\repository\io\cucumber\cucumber-gherkin\7.20.1\cucumber-gherkin-7.20.1.jar;C:\Users\thira\.m2\repository\io\cucumber\cucumber-gherkin-messages\7.20.1\cucumber-gherkin-messages-7.20.1.jar;C:\Users\thira\.m2\repository\io\cucumber\gherkin\28.0.0\gherkin-28.0.0.jar;C:\Users\thira\.m2\repository\io\cucumber\messages\24.1.0\messages-24.1.0.jar;C:\Users\thira\.m2\repository\io\cucumber\testng-xml-formatter\0.2.0\testng-xml-formatter-0.2.0.jar;C:\Users\thira\.m2\repository\io\cucumber\query\12.2.0\query-12.2.0.jar;C:\Users\thira\.m2\repository\io\cucumber\tag-expressions\6.1.0\tag-expressions-6.1.0.jar;C:\Users\thira\.m2\repository\io\cucumber\cucumber-expressions\17.1.0\cucumber-expressions-17.1.0.jar;C:\Users\thira\.m2\repository\io\cucumber\datatable\7.20.1\datatable-7.20.1.jar;C:\Users\thira\.m2\repository\io\cucumber\cucumber-plugin\7.20.1\cucumber-plugin-7.20.1.jar;C:\Users\thira\.m2\repository\io\cucumber\docstring\7.20.1\docstring-7.20.1.jar;C:\Users\thira\.m2\repository\io\cucumber\html-formatter\21.7.0\html-formatter-21.7.0.jar;C:\Users\thira\.m2\repository\io\cucumber\junit-xml-formatter\0.5.0\junit-xml-formatter-0.5.0.jar;C:\Users\thira\.m2\repository\io\cucumber\ci-environment\10.0.1\ci-environment-10.0.1.jar;C:\Users\thira\.m2\repository\io\cucumber\cucumber-junit\7.20.1\cucumber-junit-7.20.1.jar;C:\Users\thira\.m2\repository\junit\junit\4.13.2\junit-4.13.2.jar;C:\Users\thira\.m2\repository\org\hamcrest\hamcrest-core\1.3\hamcrest-core-1.3.jar;"/>
    <property name="sun.cpu.endian" value="little"/>
    <property name="user.home" value="C:\Users\thira"/>
    <property name="user.language" value="en"/>
    <property name="java.specification.vendor" value="Oracle Corporation"/>
    <property name="java.version.date" value="2024-10-15"/>
    <property name="java.home" value="C:\Program Files\Java\jdk-23"/>
    <property name="file.separator" value="\"/>
    <property name="basedir" value="G:\study\work\year3_term2\Devops\cucumber\cucumber-shop"/>
    <property name="java.vm.compressedOopsMode" value="Zero based"/>
    <property name="line.separator" value="&#10;"/>
    <property name="java.vm.specification.vendor" value="Oracle Corporation"/>
    <property name="java.specification.name" value="Java Platform API Specification"/>
    <property name="surefire.real.class.path" value="C:\Users\thira\AppData\Local\Temp\surefire8286967178808198164\surefirebooter-20250120220942970_3.jar"/>
    <property name="user.script" value=""/>
    <property name="sun.management.compiler" value="HotSpot 64-Bit Tiered Compilers"/>
    <property name="java.runtime.version" value="23.0.1+11-39"/>
    <property name="user.name" value="thira"/>
    <property name="stdout.encoding" value="Cp1252"/>
    <property name="path.separator" value=";"/>
    <property name="os.version" value="10.0"/>
    <property name="java.runtime.name" value="Java(TM) SE Runtime Environment"/>
    <property name="file.encoding" value="UTF-8"/>
    <property name="java.vm.name" value="Java HotSpot(TM) 64-Bit Server VM"/>
    <property name="localRepository" value="C:\Users\thira\.m2\repository"/>
    <property name="java.vendor.url.bug" value="https://bugreport.java.com/bugreport/"/>
    <property name="java.io.tmpdir" value="C:\Users\thira\AppData\Local\Temp\"/>
    <property name="java.version" value="23.0.1"/>
    <property name="user.dir" value="G:\study\work\year3_term2\Devops\cucumber\cucumber-shop"/>
    <property name="os.arch" value="amd64"/>
    <property name="java.vm.specification.name" value="Java Virtual Machine Specification"/>
    <property name="sun.os.patch.level" value=""/>
    <property name="native.encoding" value="Cp1252"/>
    <property name="java.library.path" value="C:\Program Files\Java\jdk-23\bin;C:\Windows\Sun\Java\bin;C:\Windows\system32;C:\Windows;C:\Program Files\Common Files\Oracle\Java\javapath;C:\msys64\mingw64\bin;C:\Program Files\Git\cmd;C:\Program Files\dotnet\;C:\Program Files\nodejs\;C:\Windows\System32;C:\Program Files\NVIDIA Corporation\NVIDIA NvDLISR;C:\apache-maven-3.9.9\bin;C:\Users\thira\AppData\Local\Microsoft\WindowsApps;E:\Microsoft VS Code\bin;C:\Users\thira\AppData\Roaming\npm;C:\Users\thira\.dotnet\tools;C:\Program Files\JetBrains\IntelliJ IDEA 2024.3.1.1\bin;C:\Users\thira\AppData\Local\JetBrains\Toolbox\scripts;;."/>
    <property name="java.vm.info" value="mixed mode, sharing"/>
    <property name="stderr.encoding" value="Cp1252"/>
    <property name="java.vendor" value="Oracle Corporation"/>
    <property name="java.vm.version" value="23.0.1+11-39"/>
    <property name="sun.io.unicode.encoding" value="UnicodeLittle"/>
    <property name="java.class.version" value="67.0"/>
  </properties>
  <testcase name="Buy one product" classname="Buy products" time="0.051">
    <system-out><![CDATA[
Scenario: Buy one product                                      &amp#27;[90m# features/buy.feature:11&amp#27;[0m
  &amp#27;[32mGiven &amp#27;[0m&amp#27;[32mthe store is ready to service customers&amp#27;[0m                &amp#27;[90m# ku.shop.BuyStepdefs.the_store_is_ready_to_service_customers()&amp#27;[0m
  &amp#27;[32mAnd &amp#27;[0m&amp#27;[32ma product &amp#27;[0m&amp#27;[32m&amp#27;[1m"Bread"&amp#27;[0m&amp#27;[32m with price &amp#27;[0m&amp#27;[32m&amp#27;[1m20.50&amp#27;[0m&amp#27;[32m and stock of &amp#27;[0m&amp#27;[32m&amp#27;[1m5&amp#27;[0m&amp#27;[32m exists&amp#27;[0m &amp#27;[90m# ku.shop.BuyStepdefs.a_product_exists(java.lang.String,double,int)&amp#27;[0m
  &amp#27;[32mAnd &amp#27;[0m&amp#27;[32ma product &amp#27;[0m&amp#27;[32m&amp#27;[1m"Jam"&amp#27;[0m&amp#27;[32m with price &amp#27;[0m&amp#27;[32m&amp#27;[1m80.00&amp#27;[0m&amp#27;[32m and stock of &amp#27;[0m&amp#27;[32m&amp#27;[1m10&amp#27;[0m&amp#27;[32m exists&amp#27;[0m  &amp#27;[90m# ku.shop.BuyStepdefs.a_product_exists(java.lang.String,double,int)&amp#27;[0m
  &amp#27;[32mAnd &amp#27;[0m&amp#27;[32ma product &amp#27;[0m&amp#27;[32m&amp#27;[1m"Milk"&amp#27;[0m&amp#27;[32m with price &amp#27;[0m&amp#27;[32m&amp#27;[1m50.00&amp#27;[0m&amp#27;[32m and stock of &amp#27;[0m&amp#27;[32m&amp#27;[1m3&amp#27;[0m&amp#27;[32m exists&amp#27;[0m  &amp#27;[90m# ku.shop.BuyStepdefs.a_product_exists(java.lang.String,double,int)&amp#27;[0m
  &amp#27;[32mWhen &amp#27;[0m&amp#27;[32mI buy &amp#27;[0m&amp#27;[32m&amp#27;[1m"Bread"&amp#27;[0m&amp#27;[32m with quantity &amp#27;[0m&amp#27;[32m&amp#27;[1m2&amp#27;[0m                           &amp#27;[90m# ku.shop.BuyStepdefs.i_buy_with_quantity(java.lang.String,int)&amp#27;[0m
  &amp#27;[32mThen &amp#27;[0m&amp#27;[32mtotal should be &amp#27;[0m&amp#27;[32m&amp#27;[1m41.00&amp#27;[0m                                   &amp#27;[90m# ku.shop.BuyStepdefs.total_should_be(double)&amp#27;[0m
]]></system-out>
  </testcase>
  <testcase name="Buy multiple products" classname="Buy products" time="0.005">
    <system-out><![CDATA[
Scenario: Buy multiple products                                &amp#27;[90m# features/buy.feature:15&amp#27;[0m
  &amp#27;[32mGiven &amp#27;[0m&amp#27;[32mthe store is ready to service customers&amp#27;[0m                &amp#27;[90m# ku.shop.BuyStepdefs.the_store_is_ready_to_service_customers()&amp#27;[0m
  &amp#27;[32mAnd &amp#27;[0m&amp#27;[32ma product &amp#27;[0m&amp#27;[32m&amp#27;[1m"Bread"&amp#27;[0m&amp#27;[32m with price &amp#27;[0m&amp#27;[32m&amp#27;[1m20.50&amp#27;[0m&amp#27;[32m and stock of &amp#27;[0m&amp#27;[32m&amp#27;[1m5&amp#27;[0m&amp#27;[32m exists&amp#27;[0m &amp#27;[90m# ku.shop.BuyStepdefs.a_product_exists(java.lang.String,double,int)&amp#27;[0m
  &amp#27;[32mAnd &amp#27;[0m&amp#27;[32ma product &amp#27;[0m&amp#27;[32m&amp#27;[1m"Jam"&amp#27;[0m&amp#27;[32m with price &amp#27;[0m&amp#27;[32m&amp#27;[1m80.00&amp#27;[0m&amp#27;[32m and stock of &amp#27;[0m&amp#27;[32m&amp#27;[1m10&amp#27;[0m&amp#27;[32m exists&amp#27;[0m  &amp#27;[90m# ku.shop.BuyStepdefs.a_product_exists(java.lang.String,double,int)&amp#27;[0m
  &amp#27;[32mAnd &amp#27;[0m&amp#27;[32ma product &amp#27;[0m&amp#27;[32m&amp#27;[1m"Milk"&amp#27;[0m&amp#27;[32m with price &amp#27;[0m&amp#27;[32m&amp#27;[1m50.00&amp#27;[0m&amp#27;[32m and stock of &amp#27;[0m&amp#27;[32m&amp#27;[1m3&amp#27;[0m&amp#27;[32m exists&amp#27;[0m  &amp#27;[90m# ku.shop.BuyStepdefs.a_product_exists(java.lang.String,double,int)&amp#27;[0m
  &amp#27;[32mWhen &amp#27;[0m&amp#27;[32mI buy &amp#27;[0m&amp#27;[32m&amp#27;[1m"Bread"&amp#27;[0m&amp#27;[32m with quantity &amp#27;[0m&amp#27;[32m&amp#27;[1m2&amp#27;[0m                           &amp#27;[90m# ku.shop.BuyStepdefs.i_buy_with_quantity(java.lang.String,int)&amp#27;[0m
  &amp#27;[32mAnd &amp#27;[0m&amp#27;[32mI buy &amp#27;[0m&amp#27;[32m&amp#27;[1m"Jam"&amp#27;[0m&amp#27;[32m with quantity &amp#27;[0m&amp#27;[32m&amp#27;[1m1&amp#27;[0m                              &amp#27;[90m# ku.shop.BuyStepdefs.i_buy_with_quantity(java.lang.String,int)&amp#27;[0m
  &amp#27;[32mThen &amp#27;[0m&amp#27;[32mtotal should be &amp#27;[0m&amp#27;[32m&amp#27;[1m121.00&amp#27;[0m                                  &amp#27;[90m# ku.shop.BuyStepdefs.total_should_be(double)&amp#27;[0m
]]></system-out>
  </testcase>
  <testcase name="Buy three products" classname="Buy products" time="0.005">
    <system-out><![CDATA[
Scenario: Buy three products                                   &amp#27;[90m# features/buy.feature:20&amp#27;[0m
  &amp#27;[32mGiven &amp#27;[0m&amp#27;[32mthe store is ready to service customers&amp#27;[0m                &amp#27;[90m# ku.shop.BuyStepdefs.the_store_is_ready_to_service_customers()&amp#27;[0m
  &amp#27;[32mAnd &amp#27;[0m&amp#27;[32ma product &amp#27;[0m&amp#27;[32m&amp#27;[1m"Bread"&amp#27;[0m&amp#27;[32m with price &amp#27;[0m&amp#27;[32m&amp#27;[1m20.50&amp#27;[0m&amp#27;[32m and stock of &amp#27;[0m&amp#27;[32m&amp#27;[1m5&amp#27;[0m&amp#27;[32m exists&amp#27;[0m &amp#27;[90m# ku.shop.BuyStepdefs.a_product_exists(java.lang.String,double,int)&amp#27;[0m
  &amp#27;[32mAnd &amp#27;[0m&amp#27;[32ma product &amp#27;[0m&amp#27;[32m&amp#27;[1m"Jam"&amp#27;[0m&amp#27;[32m with price &amp#27;[0m&amp#27;[32m&amp#27;[1m80.00&amp#27;[0m&amp#27;[32m and stock of &amp#27;[0m&amp#27;[32m&amp#27;[1m10&amp#27;[0m&amp#27;[32m exists&amp#27;[0m  &amp#27;[90m# ku.shop.BuyStepdefs.a_product_exists(java.lang.String,double,int)&amp#27;[0m
  &amp#27;[32mAnd &amp#27;[0m&amp#27;[32ma product &amp#27;[0m&amp#27;[32m&amp#27;[1m"Milk"&amp#27;[0m&amp#27;[32m with price &amp#27;[0m&amp#27;[32m&amp#27;[1m50.00&amp#27;[0m&amp#27;[32m and stock of &amp#27;[0m&amp#27;[32m&amp#27;[1m3&amp#27;[0m&amp#27;[32m exists&amp#27;[0m  &amp#27;[90m# ku.shop.BuyStepdefs.a_product_exists(java.lang.String,double,int)&amp#27;[0m
  &amp#27;[32mWhen &amp#27;[0m&amp#27;[32mI buy &amp#27;[0m&amp#27;[32m&amp#27;[1m"Bread"&amp#27;[0m&amp#27;[32m with quantity &amp#27;[0m&amp#27;[32m&amp#27;[1m2&amp#27;[0m                           &amp#27;[90m# ku.shop.BuyStepdefs.i_buy_with_quantity(java.lang.String,int)&amp#27;[0m
  &amp#27;[32mAnd &amp#27;[0m&amp#27;[32mI buy &amp#27;[0m&amp#27;[32m&amp#27;[1m"Jam"&amp#27;[0m&amp#27;[32m with quantity &amp#27;[0m&amp#27;[32m&amp#27;[1m1&amp#27;[0m                              &amp#27;[90m# ku.shop.BuyStepdefs.i_buy_with_quantity(java.lang.String,int)&amp#27;[0m
  &amp#27;[32mAnd &amp#27;[0m&amp#27;[32mI buy &amp#27;[0m&amp#27;[32m&amp#27;[1m"Milk"&amp#27;[0m&amp#27;[32m with quantity &amp#27;[0m&amp#27;[32m&amp#27;[1m3&amp#27;[0m                             &amp#27;[90m# ku.shop.BuyStepdefs.i_buy_with_quantity(java.lang.String,int)&amp#27;[0m
  &amp#27;[32mThen &amp#27;[0m&amp#27;[32mtotal should be &amp#27;[0m&amp#27;[32m&amp#27;[1m271&amp#27;[0m                                     &amp#27;[90m# ku.shop.BuyStepdefs.total_should_be(double)&amp#27;[0m
]]></system-out>
  </testcase>
  <testcase name="Buy product with insufficient stock" classname="Buy products" time="0.008">
    <system-out><![CDATA[
Scenario: Buy product with insufficient stock                         &amp#27;[90m# features/buy.feature:26&amp#27;[0m
  &amp#27;[32mGiven &amp#27;[0m&amp#27;[32mthe store is ready to service customers&amp#27;[0m                       &amp#27;[90m# ku.shop.BuyStepdefs.the_store_is_ready_to_service_customers()&amp#27;[0m
  &amp#27;[32mAnd &amp#27;[0m&amp#27;[32ma product &amp#27;[0m&amp#27;[32m&amp#27;[1m"Bread"&amp#27;[0m&amp#27;[32m with price &amp#27;[0m&amp#27;[32m&amp#27;[1m20.50&amp#27;[0m&amp#27;[32m and stock of &amp#27;[0m&amp#27;[32m&amp#27;[1m5&amp#27;[0m&amp#27;[32m exists&amp#27;[0m        &amp#27;[90m# ku.shop.BuyStepdefs.a_product_exists(java.lang.String,double,int)&amp#27;[0m
  &amp#27;[32mAnd &amp#27;[0m&amp#27;[32ma product &amp#27;[0m&amp#27;[32m&amp#27;[1m"Jam"&amp#27;[0m&amp#27;[32m with price &amp#27;[0m&amp#27;[32m&amp#27;[1m80.00&amp#27;[0m&amp#27;[32m and stock of &amp#27;[0m&amp#27;[32m&amp#27;[1m10&amp#27;[0m&amp#27;[32m exists&amp#27;[0m         &amp#27;[90m# ku.shop.BuyStepdefs.a_product_exists(java.lang.String,double,int)&amp#27;[0m
  &amp#27;[32mAnd &amp#27;[0m&amp#27;[32ma product &amp#27;[0m&amp#27;[32m&amp#27;[1m"Milk"&amp#27;[0m&amp#27;[32m with price &amp#27;[0m&amp#27;[32m&amp#27;[1m50.00&amp#27;[0m&amp#27;[32m and stock of &amp#27;[0m&amp#27;[32m&amp#27;[1m3&amp#27;[0m&amp#27;[32m exists&amp#27;[0m         &amp#27;[90m# ku.shop.BuyStepdefs.a_product_exists(java.lang.String,double,int)&amp#27;[0m
  &amp#27;[32mWhen &amp#27;[0m&amp#27;[32mI buy &amp#27;[0m&amp#27;[32m&amp#27;[1m"Bread"&amp#27;[0m&amp#27;[32m with quantity &amp#27;[0m&amp#27;[32m&amp#27;[1m10&amp#27;[0m                                 &amp#27;[90m# ku.shop.BuyStepdefs.i_buy_with_quantity(java.lang.String,int)&amp#27;[0m
  &amp#27;[32mThen &amp#27;[0m&amp#27;[32mI should see an error message &amp#27;[0m&amp#27;[32m&amp#27;[1m"Product Bread is out of stock."&amp#27;[0m &amp#27;[90m# ku.shop.BuyStepdefs.i_should_see_an_error_message(java.lang.String)&amp#27;[0m
]]></system-out>
  </testcase>
</testsuite>